<?xml version="1.0" encoding="UTF-8"?>
<!-- Generated by org.testng.reporters.JUnitReportReporter -->
<testsuite skipped="0" hostname="LAPTOP-MTJ2TRTT" name="cheapTiketsTest.cheapTiketsTest" tests="1" failures="0" timestamp="20 may 2019 02:54:12 GMT" time="47.089" errors="0">
  <testcase name="cheapTiketsTest" time="47.089" classname="cheapTiketsTest.cheapTiketsTest"/>
</testsuite> <!-- cheapTiketsTest.cheapTiketsTest -->
