<?xml version="1.0" encoding="UTF-8"?>
<!-- Generated by org.testng.reporters.JUnitReportReporter -->
<testsuite skipped="0" hostname="LAPTOP-MTJ2TRTT" name="cheapTiketsTest.cheapTiketsTest" tests="1" failures="0" timestamp="17 may 2019 20:14:14 GMT" time="76.068" errors="0">
  <testcase name="cheapTiketsTest" time="76.068" classname="cheapTiketsTest.cheapTiketsTest"/>
</testsuite> <!-- cheapTiketsTest.cheapTiketsTest -->
